Build started 14/03/2025 09:23:52.
     1>Project "E:\cg\training-2\training-2\training-2.vcxproj" on node 2 (build target(s)).
     1>InitializeBuildStatus:
         Touching "Debug\training-2.unsuccessfulbuild".
       ClCompile:
         c:\Program Files (x86)\Microsoft Visual Studio 10.0\VC\bin\CL.exe /c /ZI /nologo /W3 /WX- /Od /Oy- /D _MBCS /Gm /EHsc /RTC1 /MDd /GS /fp:precise /Zc:wchar_t /Zc:forScope /Fo"Debug\\" /Fd"Debug\vc100.pdb" /Gd /TP /analyze- /errorReport:prompt "cg-3.cpp"
         cg-3.cpp
       Link:
         c:\Program Files (x86)\Microsoft Visual Studio 10.0\VC\bin\link.exe /ERRORREPORT:PROMPT /OUT:"E:\cg\training-2\Debug\training-2.exe" /NOLOGO kernel32.lib user32.lib gdi32.lib winspool.lib comdlg32.lib advapi32.lib shell32.lib ole32.lib oleaut32.lib uuid.lib odbc32.lib odbccp32.lib /MANIFEST /ManifestFile:"Debug\training-2.exe.intermediate.manifest" /MANIFESTUAC:"level='asInvoker' uiAccess='false'" /DEBUG /PDB:"E:\cg\training-2\Debug\training-2.pdb" /TLBID:1 /DYNAMICBASE /NXCOMPAT /IMPLIB:"E:\cg\training-2\Debug\training-2.lib" /MACHINE:X86 "Debug\cg-1.obj"
         "Debug\cg-2.obj"
         "Debug\cg-3.obj"
     1>cg-2.obj : error LNK2005: _main already defined in cg-1.obj
     1>cg-3.obj : error LNK2005: "void __cdecl display(void)" (?display@@YAXXZ) already defined in cg-2.obj
     1>cg-3.obj : error LNK2005: "void __cdecl keyboard(unsigned char,int,int)" (?keyboard@@YAXEHH@Z) already defined in cg-2.obj
     1>cg-3.obj : error LNK2005: _main already defined in cg-1.obj
     1>cg-3.obj : error LNK2005: "float red" (?red@@3MA) already defined in cg-2.obj
     1>cg-3.obj : error LNK2005: "float green" (?green@@3MA) already defined in cg-2.obj
     1>cg-3.obj : error LNK2005: "float blue" (?blue@@3MA) already defined in cg-2.obj
     1>E:\cg\training-2\Debug\training-2.exe : fatal error LNK1169: one or more multiply defined symbols found
     1>Done Building Project "E:\cg\training-2\training-2\training-2.vcxproj" (build target(s)) -- FAILED.

Build FAILED.

Time Elapsed 00:00:00.95
